------------------------------------------------------------------------------------------------------------------------

[2025-07-25 13:30:44 #1 store] 
Database '/Users/moru/Desktop/ift287/gitProjetFinal/ift287/code/TP/db/ift287.odb' is opened by 93090@Morus-MacBook-Air.local

[2025-07-25 13:30:44 #2 store] 
Configuration path: ?

[2025-07-25 13:30:44 #3 store] 
Database '/Users/moru/Desktop/ift287/gitProjetFinal/ift287/code/TP/db/ift287.odb' is closed by 93090@Morus-MacBook-Air.local

------------------------------------------------------------------------------------------------------------------------

[2025-07-25 13:34:03 #1 store] 
Database '/Users/moru/Desktop/ift287/gitProjetFinal/ift287/code/TP/db/ift287.odb' is opened by 93756@Morus-MacBook-Air.local

[2025-07-25 13:34:03 #2 store] 
Configuration path: ?

[2025-07-25 13:34:03 #3 store] 
Database '/Users/moru/Desktop/ift287/gitProjetFinal/ift287/code/TP/db/ift287.odb' is closed by 93756@Morus-MacBook-Air.local

------------------------------------------------------------------------------------------------------------------------

[2025-07-25 13:34:17 #1 store] 
Database '/Users/moru/Desktop/ift287/gitProjetFinal/ift287/code/TP/db/ift287.odb' is opened by 93817@Morus-MacBook-Air.local

[2025-07-25 13:34:17 #2 store] 
Configuration path: ?

[2025-07-25 13:34:17 #3 type] 
Type tp.objets.Producteur is not enhanced.

[2025-07-25 13:34:17 #4 type] 
Type tp.objets.Produit is not enhanced.

[2025-07-25 13:34:17 #5 type] 
Type tp.objets.PointDeVente is not enhanced.

[2025-07-25 13:34:17 #6 type] 
Type tp.objets.Fournisseur is not enhanced.

[2025-07-25 13:34:17 #7 store] 
Database '/Users/moru/Desktop/ift287/gitProjetFinal/ift287/code/TP/db/ift287.odb' is closed by 93817@Morus-MacBook-Air.local

